#
# There is insufficient memory for the Java Runtime Environment to continue.
# Native memory allocation (mmap) failed to map 130023424 bytes for Failed to commit area from 0x0000000085800000 to 0x000000008d400000 of length 130023424.
# Possible reasons:
#   The system is out of physical RAM or swap space
#   The process is running with CompressedOops enabled, and the Java Heap may be blocking the growth of the native heap
# Possible solutions:
#   Reduce memory load on the system
#   Increase physical memory or swap space
#   Check if swap backing store is full
#   Decrease Java heap size (-Xmx/-Xms)
#   Decrease number of Java threads
#   Decrease Java thread stack sizes (-Xss)
#   Set larger code cache with -XX:ReservedCodeCacheSize=
# This output file may be truncated or incomplete.
#
#  Out of Memory Error (./src/hotspot/os/windows/os_windows.cpp:3619), pid=7444, tid=10432
#
# JRE version:  (11.0.13+7) (build )
# Java VM: OpenJDK 64-Bit Server VM (11.0.13+7-b1751.19, mixed mode, sharing, tiered, compressed oops, g1 gc, windows-amd64)
# No core dump will be written. Minidumps are not enabled by default on client versions of Windows
#

---------------  S U M M A R Y ------------

Command Line: git4idea.http.GitAskPassApp Username for 'https://github.com': 

Host: 11th Gen Intel(R) Core(TM) i5-1135G7 @ 2.40GHz, 8 cores, 7G,  Windows 10 , 64 bit Build 19041 (10.0.19041.1348)
Time: Tue Dec 14 23:05:08 2021 FLE Standard Time elapsed time: 0.038829 seconds (0d 0h 0m 0s)

---------------  T H R E A D  ---------------

Current thread (0x000001991529b000):  JavaThread "Unknown thread" [_thread_in_vm, id=10432, stack(0x0000005e68000000,0x0000005e68100000)]

Stack: [0x0000005e68000000,0x0000005e68100000]
Native frames: (J=compiled Java code, j=interpreted, Vv=VM code, C=native code)
V  [jvm.dll+0x613ada]
V  [jvm.dll+0x799a80]
V  [jvm.dll+0x79b09d]
V  [jvm.dll+0x79b773]
V  [jvm.dll+0x24c4c8]
V  [jvm.dll+0x610b64]
V  [jvm.dll+0x605855]
V  [jvm.dll+0x30aaeb]
V  [jvm.dll+0x30aa5a]
V  [jvm.dll+0x30a932]
V  [jvm.dll+0x30f896]
V  [jvm.dll+0x359293]
V  [jvm.dll+0x359996]
V  [jvm.dll+0x359393]
V  [jvm.dll+0x2e5308]
V  [jvm.dll+0x2e64b7]
V  [jvm.dll+0x7769c7]
V  [jvm.dll+0x7781bc]
V  [jvm.dll+0x366829]
V  [jvm.dll+0x75a52e]
V  [jvm.dll+0x3d4923]
V  [jvm.dll+0x3d6e91]
C  [jli.dll+0x536b]
C  [ucrtbase.dll+0x21bb2]
C  [KERNEL32.DLL+0x17034]
C  [ntdll.dll+0x52651]


---------------  P R O C E S S  ---------------

Threads class SMR info:
_java_thread_list=0x0000019913851310, length=0, elements={
}

Java Threads: ( => current thread )

Other Threads:
  0x00000199152b3000 GCTaskThread "GC Thread#0" [stack: 0x0000005e68100000,0x0000005e68200000] [id=7032]
  0x00000199152e6800 ConcurrentGCThread "G1 Main Marker" [stack: 0x0000005e68200000,0x0000005e68300000] [id=3980]
  0x00000199152e8000 ConcurrentGCThread "G1 Conc#0" [stack: 0x0000005e68300000,0x0000005e68400000] [id=4144]

[error occurred during error reporting (printing all threads), id 0xc0000005, EXCEPTION_ACCESS_VIOLATION (0xc0000005) at pc=0x00007fff3a225b77]

VM state:not at safepoint (not fully initialized)

VM Mutex/Monitor currently owned by a thread:  ([mutex/lock_event])
[0x0000019915296bb0] Heap_lock - owner thread: 0x000001991529b000

Heap address: 0x0000000085800000, size: 1960 MB, Compressed Oops mode: Non-zero based: 0x0000000085800000
Narrow klass base: 0x0000000000000000, Narrow klass shift: 0

GC Heap History (0 events):
No events

Deoptimization events (0 events):
No events

Classes redefined (0 events):
No events

Internal exceptions (0 events):
No events

Events (1 events):
Event: 0.026 Loaded shared library C:\Program Files\JetBrains\IntelliJ IDEA 2021.2.3\jbr\bin\zip.dll


Dynamic libraries:
0x00007ff790150000 - 0x00007ff79015a000 	C:\Program Files\JetBrains\IntelliJ IDEA 2021.2.3\jbr\bin\java.exe
0x00007fff76ad0000 - 0x00007fff76cc5000 	C:\Windows\SYSTEM32\ntdll.dll
0x00007fff74f00000 - 0x00007fff74fbe000 	C:\Windows\System32\KERNEL32.DLL
0x00007fff74840000 - 0x00007fff74b08000 	C:\Windows\System32\KERNELBASE.dll
0x00007fff74740000 - 0x00007fff74840000 	C:\Windows\System32\ucrtbase.dll
0x00007fff6e260000 - 0x00007fff6e279000 	C:\Program Files\JetBrains\IntelliJ IDEA 2021.2.3\jbr\bin\jli.dll
0x00007fff6af90000 - 0x00007fff6afa7000 	C:\Program Files\JetBrains\IntelliJ IDEA 2021.2.3\jbr\bin\VCRUNTIME140.dll
0x00007fff75430000 - 0x00007fff755d1000 	C:\Windows\System32\USER32.dll
0x00007fff74660000 - 0x00007fff74682000 	C:\Windows\System32\win32u.dll
0x00007fff55920000 - 0x00007fff55bba000 	C:\Windows\WinSxS\amd64_microsoft.windows.common-controls_6595b64144ccf1df_6.0.19041.1110_none_60b5254171f9507e\COMCTL32.dll
0x00007fff75340000 - 0x00007fff7536b000 	C:\Windows\System32\GDI32.dll
0x00007fff744f0000 - 0x00007fff745fd000 	C:\Windows\System32\gdi32full.dll
0x00007fff74fc0000 - 0x00007fff7505e000 	C:\Windows\System32\msvcrt.dll
0x00007fff74230000 - 0x00007fff742cd000 	C:\Windows\System32\msvcp_win.dll
0x00007fff75120000 - 0x00007fff75150000 	C:\Windows\System32\IMM32.DLL
0x00007fff35de0000 - 0x00007fff35e7d000 	C:\Program Files\JetBrains\IntelliJ IDEA 2021.2.3\jbr\bin\msvcp140.dll
0x00007fff39f30000 - 0x00007fff3aaa6000 	C:\Program Files\JetBrains\IntelliJ IDEA 2021.2.3\jbr\bin\server\jvm.dll
0x00007fff75370000 - 0x00007fff7541c000 	C:\Windows\System32\ADVAPI32.dll
0x00007fff756a0000 - 0x00007fff7573b000 	C:\Windows\System32\sechost.dll
0x00007fff74bf0000 - 0x00007fff74d1a000 	C:\Windows\System32\RPCRT4.dll
0x00007fff75060000 - 0x00007fff75068000 	C:\Windows\System32\PSAPI.DLL
0x00007fff6da20000 - 0x00007fff6da2a000 	C:\Windows\SYSTEM32\VERSION.dll
0x00007fff505f0000 - 0x00007fff50617000 	C:\Windows\SYSTEM32\WINMM.dll
0x00007fff715c0000 - 0x00007fff715c9000 	C:\Windows\SYSTEM32\WSOCK32.dll
0x00007fff751b0000 - 0x00007fff7521b000 	C:\Windows\System32\ws2_32.DLL
0x00007fff72a20000 - 0x00007fff72a32000 	C:\Windows\SYSTEM32\kernel.appcore.dll
0x00007fff6e940000 - 0x00007fff6e951000 	C:\Program Files\JetBrains\IntelliJ IDEA 2021.2.3\jbr\bin\verify.dll
0x00007fff71f70000 - 0x00007fff72154000 	C:\Windows\SYSTEM32\DBGHELP.DLL
0x00007fff55670000 - 0x00007fff5569c000 	C:\Windows\SYSTEM32\dbgcore.DLL
0x00007fff742d0000 - 0x00007fff74353000 	C:\Windows\System32\bcryptPrimitives.dll
0x00007fff6e8f0000 - 0x00007fff6e919000 	C:\Program Files\JetBrains\IntelliJ IDEA 2021.2.3\jbr\bin\java.dll
0x00007fff6fa80000 - 0x00007fff6fa8b000 	C:\Program Files\JetBrains\IntelliJ IDEA 2021.2.3\jbr\bin\jimage.dll
0x00007fff6dfe0000 - 0x00007fff6dff8000 	C:\Program Files\JetBrains\IntelliJ IDEA 2021.2.3\jbr\bin\zip.dll

dbghelp: loaded successfully - version: 4.0.5 - missing functions: none
symbol engine: initialized successfully - sym options: 0x614 - pdb path: .;C:\Program Files\JetBrains\IntelliJ IDEA 2021.2.3\jbr\bin;C:\Windows\SYSTEM32;C:\Windows\WinSxS\amd64_microsoft.windows.common-controls_6595b64144ccf1df_6.0.19041.1110_none_60b5254171f9507e;C:\Program Files\JetBrains\IntelliJ IDEA 2021.2.3\jbr\bin\server

VM Arguments:
java_command: git4idea.http.GitAskPassApp Username for 'https://github.com': 
java_class_path (initial): C:/Program Files/JetBrains/IntelliJ IDEA 2021.2.3/plugins/git4idea/lib/git4idea-rt.jar;C:/Program Files/JetBrains/IntelliJ IDEA 2021.2.3/lib/3rd-party.jar;C:/Program Files/JetBrains/IntelliJ IDEA 2021.2.3/lib/3rd-party-rt.jar
Launcher Type: SUN_STANDARD

[Global flags]
     intx CICompilerCount                          = 4                                         {product} {ergonomic}
     uint ConcGCThreads                            = 2                                         {product} {ergonomic}
     uint G1ConcRefinementThreads                  = 8                                         {product} {ergonomic}
   size_t G1HeapRegionSize                         = 1048576                                   {product} {ergonomic}
    uintx GCDrainStackTargetSize                   = 64                                        {product} {ergonomic}
   size_t InitialHeapSize                          = 130023424                                 {product} {ergonomic}
   size_t MarkStackSize                            = 4194304                                   {product} {ergonomic}
   size_t MaxHeapSize                              = 2055208960                                {product} {ergonomic}
   size_t MinHeapDeltaBytes                        = 1048576                                   {product} {ergonomic}
    uintx NonNMethodCodeHeapSize                   = 5836300                                {pd product} {ergonomic}
    uintx NonProfiledCodeHeapSize                  = 122910970                              {pd product} {ergonomic}
    uintx ProfiledCodeHeapSize                     = 122910970                              {pd product} {ergonomic}
    uintx ReservedCodeCacheSize                    = 251658240                              {pd product} {ergonomic}
     bool SegmentedCodeCache                       = true                                      {product} {ergonomic}
     bool UseCompressedClassPointers               = true                                 {lp64_product} {ergonomic}
     bool UseCompressedOops                        = true                                 {lp64_product} {ergonomic}
     bool UseG1GC                                  = true                                      {product} {ergonomic}
     bool UseLargePagesIndividualAllocation        = false                                  {pd product} {ergonomic}

Logging:
Log output configuration:
 #0: stdout all=warning uptime,level,tags
 #1: stderr all=off uptime,level,tags

Environment Variables:
PATH=C:/Program Files/Git/mingw64/libexec/git-core;C:/Program Files/Git/mingw64/libexec/git-core;C:\Program Files\Git\mingw64\bin;C:\Program Files\Git\usr\bin;C:\Users\Comp\bin;C:\Windows\system32;C:\Windows;C:\Windows\System32\Wbem;C:\Windows\System32\WindowsPowerShell\v1.0\;C:\Windows\System32\OpenSSH\;C:\Ruby30-x64\bin;C:\Program Files\Git\cmd;C:\Ruby30-x64\bin
USERNAME=Comp
DISPLAY=:0.0
LC_ALL=en_US.UTF-8
OS=Windows_NT
PROCESSOR_IDENTIFIER=Intel64 Family 6 Model 140 Stepping 1, GenuineIntel



---------------  S Y S T E M  ---------------

OS: Windows 10 , 64 bit Build 19041 (10.0.19041.1348)
OS uptime: 0 days 4:01 hours
Hyper-V role detected

CPU:total 8 (initial active 8) (4 cores per cpu, 2 threads per core) family 6 model 140 stepping 1 microcode 0x66, cmov, cx8, fxsr, mmx, sse, sse2, sse3, ssse3, sse4.1, sse4.2, popcnt, avx, avx2, aes, clmul, erms, 3dnowpref, lzcnt, ht, tsc, tscinvbit, bmi1, bmi2, adx, evex, sha, fma

Memory: 4k page, system-wide physical 7834M (279M free)
TotalPageFile size 7834M (AvailPageFile size 32M)
current process WorkingSet (physical memory assigned to process): 10M, peak: 10M
current process commit charge ("private bytes"): 60M, peak: 183M

vm_info: OpenJDK 64-Bit Server VM (11.0.13+7-b1751.19) for windows-amd64 JRE (11.0.13+7-b1751.19), built on Nov  9 2021 11:31:28 by "" with MS VC++ 14.0 (VS2015)

END.
